

Started GET "/" for 127.0.0.1 at 2014-01-14 21:15:47 -0800
Processing by Rails::WelcomeController#index as HTML
  Rendered /usr/local/rvm/gems/ruby-2.1.0/gems/railties-4.0.2/lib/rails/templates/rails/welcome/index.html.erb (19.7ms)
Completed 200 OK in 50ms (Views: 27.8ms | ActiveRecord: 0.0ms)


Started GET "/" for 127.0.0.1 at 2014-01-14 21:22:01 -0800

ActiveRecord::PendingMigrationError (Migrations are pending; run 'bin/rake db:migrate RAILS_ENV=development' to resolve this issue.):
  activerecord (4.0.2) lib/active_record/migration.rb:379:in `check_pending!'
  activerecord (4.0.2) lib/active_record/migration.rb:366:in `call'
  actionpack (4.0.2) lib/action_dispatch/middleware/callbacks.rb:29:in `block in call'
  activesupport (4.0.2) lib/active_support/callbacks.rb:373:in `_run__4090881830183360843__call__callbacks'
  activesupport (4.0.2) lib/active_support/callbacks.rb:80:in `run_callbacks'
  actionpack (4.0.2) lib/action_dispatch/middleware/callbacks.rb:27:in `call'
  actionpack (4.0.2) lib/action_dispatch/middleware/reloader.rb:64:in `call'
  actionpack (4.0.2) lib/action_dispatch/middleware/remote_ip.rb:76:in `call'
  actionpack (4.0.2) lib/action_dispatch/middleware/debug_exceptions.rb:17:in `call'
  actionpack (4.0.2) lib/action_dispatch/middleware/show_exceptions.rb:30:in `call'
  railties (4.0.2) lib/rails/rack/logger.rb:38:in `call_app'
  railties (4.0.2) lib/rails/rack/logger.rb:20:in `block in call'
  activesupport (4.0.2) lib/active_support/tagged_logging.rb:67:in `block in tagged'
  activesupport (4.0.2) lib/active_support/tagged_logging.rb:25:in `tagged'
  activesupport (4.0.2) lib/active_support/tagged_logging.rb:67:in `tagged'
  railties (4.0.2) lib/rails/rack/logger.rb:20:in `call'
  actionpack (4.0.2) lib/action_dispatch/middleware/request_id.rb:21:in `call'
  rack (1.5.2) lib/rack/methodoverride.rb:21:in `call'
  rack (1.5.2) lib/rack/runtime.rb:17:in `call'
  activesupport (4.0.2) lib/active_support/cache/strategy/local_cache.rb:83:in `call'
  rack (1.5.2) lib/rack/lock.rb:17:in `call'
  actionpack (4.0.2) lib/action_dispatch/middleware/static.rb:64:in `call'
  rack (1.5.2) lib/rack/sendfile.rb:112:in `call'
  railties (4.0.2) lib/rails/engine.rb:511:in `call'
  railties (4.0.2) lib/rails/application.rb:97:in `call'
  rack (1.5.2) lib/rack/lock.rb:17:in `call'
  rack (1.5.2) lib/rack/content_length.rb:14:in `call'
  rack (1.5.2) lib/rack/handler/webrick.rb:60:in `service'
  /usr/local/rvm/rubies/ruby-2.1.0/lib/ruby/2.1.0/webrick/httpserver.rb:138:in `service'
  /usr/local/rvm/rubies/ruby-2.1.0/lib/ruby/2.1.0/webrick/httpserver.rb:94:in `run'
  /usr/local/rvm/rubies/ruby-2.1.0/lib/ruby/2.1.0/webrick/server.rb:295:in `block in start_thread'


  Rendered /usr/local/rvm/gems/ruby-2.1.0/gems/actionpack-4.0.2/lib/action_dispatch/middleware/templates/rescues/_source.erb (0.8ms)
  Rendered /usr/local/rvm/gems/ruby-2.1.0/gems/actionpack-4.0.2/lib/action_dispatch/middleware/templates/rescues/_trace.erb (1.9ms)
  Rendered /usr/local/rvm/gems/ruby-2.1.0/gems/actionpack-4.0.2/lib/action_dispatch/middleware/templates/rescues/_request_and_response.erb (1.4ms)
  Rendered /usr/local/rvm/gems/ruby-2.1.0/gems/actionpack-4.0.2/lib/action_dispatch/middleware/templates/rescues/diagnostics.erb within rescues/layout (49.6ms)
  [1m[36m (2.8ms)[0m  [1mCREATE TABLE "schema_migrations" ("version" varchar(255) NOT NULL) [0m
  [1m[35m (1.5ms)[0m  CREATE UNIQUE INDEX "unique_schema_migrations" ON "schema_migrations" ("version")
  [1m[36mActiveRecord::SchemaMigration Load (0.2ms)[0m  [1mSELECT "schema_migrations".* FROM "schema_migrations"[0m
Migrating to CreateUsers (20140115052104)
  [1m[35m (0.1ms)[0m  begin transaction
  [1m[36m (0.5ms)[0m  [1mCREATE TABLE "users" ("id" INTEGER PRIMARY KEY AUTOINCREMENT NOT NULL, "full_name" varchar(255), "username_link_to_profile_page" varchar(255), "profile_pic_link" varchar(255), "num_points" varchar(255), "num_badges" varchar(255), "created_at" datetime, "updated_at" datetime) [0m
  [1m[35mSQL (0.3ms)[0m  INSERT INTO "schema_migrations" ("version") VALUES (?)  [["version", "20140115052104"]]
  [1m[36m (1.6ms)[0m  [1mcommit transaction[0m
  [1m[35mActiveRecord::SchemaMigration Load (0.1ms)[0m  SELECT "schema_migrations".* FROM "schema_migrations"


Started GET "/" for 127.0.0.1 at 2014-01-14 21:22:50 -0800
  [1m[36mActiveRecord::SchemaMigration Load (0.2ms)[0m  [1mSELECT "schema_migrations".* FROM "schema_migrations"[0m
Processing by Rails::WelcomeController#index as HTML
  Rendered /usr/local/rvm/gems/ruby-2.1.0/gems/railties-4.0.2/lib/rails/templates/rails/welcome/index.html.erb (1.9ms)
Completed 200 OK in 31ms (Views: 9.3ms | ActiveRecord: 0.0ms)


Started GET "/user" for 127.0.0.1 at 2014-01-14 21:22:58 -0800

ActionController::RoutingError (No route matches [GET] "/user"):
  actionpack (4.0.2) lib/action_dispatch/middleware/debug_exceptions.rb:21:in `call'
  actionpack (4.0.2) lib/action_dispatch/middleware/show_exceptions.rb:30:in `call'
  railties (4.0.2) lib/rails/rack/logger.rb:38:in `call_app'
  railties (4.0.2) lib/rails/rack/logger.rb:20:in `block in call'
  activesupport (4.0.2) lib/active_support/tagged_logging.rb:67:in `block in tagged'
  activesupport (4.0.2) lib/active_support/tagged_logging.rb:25:in `tagged'
  activesupport (4.0.2) lib/active_support/tagged_logging.rb:67:in `tagged'
  railties (4.0.2) lib/rails/rack/logger.rb:20:in `call'
  actionpack (4.0.2) lib/action_dispatch/middleware/request_id.rb:21:in `call'
  rack (1.5.2) lib/rack/methodoverride.rb:21:in `call'
  rack (1.5.2) lib/rack/runtime.rb:17:in `call'
  activesupport (4.0.2) lib/active_support/cache/strategy/local_cache.rb:83:in `call'
  rack (1.5.2) lib/rack/lock.rb:17:in `call'
  actionpack (4.0.2) lib/action_dispatch/middleware/static.rb:64:in `call'
  rack (1.5.2) lib/rack/sendfile.rb:112:in `call'
  railties (4.0.2) lib/rails/engine.rb:511:in `call'
  railties (4.0.2) lib/rails/application.rb:97:in `call'
  rack (1.5.2) lib/rack/lock.rb:17:in `call'
  rack (1.5.2) lib/rack/content_length.rb:14:in `call'
  rack (1.5.2) lib/rack/handler/webrick.rb:60:in `service'
  /usr/local/rvm/rubies/ruby-2.1.0/lib/ruby/2.1.0/webrick/httpserver.rb:138:in `service'
  /usr/local/rvm/rubies/ruby-2.1.0/lib/ruby/2.1.0/webrick/httpserver.rb:94:in `run'
  /usr/local/rvm/rubies/ruby-2.1.0/lib/ruby/2.1.0/webrick/server.rb:295:in `block in start_thread'


  Rendered /usr/local/rvm/gems/ruby-2.1.0/gems/actionpack-4.0.2/lib/action_dispatch/middleware/templates/rescues/_trace.erb (1.4ms)
  Rendered /usr/local/rvm/gems/ruby-2.1.0/gems/actionpack-4.0.2/lib/action_dispatch/middleware/templates/routes/_route.html.erb (2.6ms)
  Rendered /usr/local/rvm/gems/ruby-2.1.0/gems/actionpack-4.0.2/lib/action_dispatch/middleware/templates/routes/_table.html.erb (5.7ms)
  Rendered /usr/local/rvm/gems/ruby-2.1.0/gems/actionpack-4.0.2/lib/action_dispatch/middleware/templates/rescues/routing_error.erb within rescues/layout (99.3ms)


Started GET "/users" for 127.0.0.1 at 2014-01-14 21:23:01 -0800
Processing by UsersController#index as HTML
  [1m[35mUser Load (0.2ms)[0m  SELECT "users".* FROM "users"
  Rendered users/index.html.erb within layouts/application (2.0ms)
Completed 200 OK in 970ms (Views: 967.5ms | ActiveRecord: 0.2ms)


Started GET "/assets/application.css?body=1" for 127.0.0.1 at 2014-01-14 21:23:02 -0800


Started GET "/assets/scaffolds.css?body=1" for 127.0.0.1 at 2014-01-14 21:23:02 -0800


Started GET "/assets/jquery.js?body=1" for 127.0.0.1 at 2014-01-14 21:23:02 -0800


Started GET "/assets/jquery_ujs.js?body=1" for 127.0.0.1 at 2014-01-14 21:23:02 -0800


Started GET "/assets/users.css?body=1" for 127.0.0.1 at 2014-01-14 21:23:02 -0800


Started GET "/assets/turbolinks.js?body=1" for 127.0.0.1 at 2014-01-14 21:23:02 -0800


Started GET "/assets/users.js?body=1" for 127.0.0.1 at 2014-01-14 21:23:02 -0800


Started GET "/assets/application.js?body=1" for 127.0.0.1 at 2014-01-14 21:23:02 -0800


Started GET "/users/new" for 127.0.0.1 at 2014-01-14 21:23:11 -0800
Processing by UsersController#new as HTML
  Rendered users/_form.html.erb (83.8ms)
  Rendered users/new.html.erb within layouts/application (86.3ms)
Completed 200 OK in 95ms (Views: 93.2ms | ActiveRecord: 0.4ms)


Started POST "/users" for 127.0.0.1 at 2014-01-14 21:24:06 -0800
Processing by UsersController#create as HTML
  Parameters: {"utf8"=>"✓", "authenticity_token"=>"oKIQ/UmbkvLe9GbAH6zI+U10qJKKsgwufQEIQ6be28A=", "user"=>{"full_name"=>"Chase James", "username_link_to_profile_page"=>"http://teamtreehouse.com/chasejames", "profile_pic_link"=>"", "num_points"=>"14341", "num_badges"=>"193"}, "commit"=>"Create User"}
  [1m[36m (0.1ms)[0m  [1mbegin transaction[0m
  [1m[35mSQL (4.4ms)[0m  INSERT INTO "users" ("created_at", "full_name", "num_badges", "num_points", "profile_pic_link", "updated_at", "username_link_to_profile_page") VALUES (?, ?, ?, ?, ?, ?, ?)  [["created_at", Wed, 15 Jan 2014 05:24:06 UTC +00:00], ["full_name", "Chase James"], ["num_badges", "193"], ["num_points", "14341"], ["profile_pic_link", ""], ["updated_at", Wed, 15 Jan 2014 05:24:06 UTC +00:00], ["username_link_to_profile_page", "http://teamtreehouse.com/chasejames"]]
  [1m[36m (1.6ms)[0m  [1mcommit transaction[0m
Redirected to http://localhost:3000/users/1
Completed 302 Found in 12ms (ActiveRecord: 6.1ms)


Started GET "/users/1" for 127.0.0.1 at 2014-01-14 21:24:06 -0800
Processing by UsersController#show as HTML
  Parameters: {"id"=>"1"}
  [1m[35mUser Load (0.4ms)[0m  SELECT "users".* FROM "users" WHERE "users"."id" = ? LIMIT 1  [["id", "1"]]
  Rendered users/show.html.erb within layouts/application (1.2ms)
Completed 200 OK in 10ms (Views: 6.4ms | ActiveRecord: 0.4ms)


Started GET "/assets/application.css?body=1" for 127.0.0.1 at 2014-01-14 21:24:06 -0800


Started GET "/assets/jquery.js?body=1" for 127.0.0.1 at 2014-01-14 21:24:06 -0800


Started GET "/assets/turbolinks.js?body=1" for 127.0.0.1 at 2014-01-14 21:24:06 -0800


Started GET "/assets/users.css?body=1" for 127.0.0.1 at 2014-01-14 21:24:06 -0800


Started GET "/assets/jquery_ujs.js?body=1" for 127.0.0.1 at 2014-01-14 21:24:06 -0800


Started GET "/assets/scaffolds.css?body=1" for 127.0.0.1 at 2014-01-14 21:24:06 -0800


Started GET "/assets/application.js?body=1" for 127.0.0.1 at 2014-01-14 21:24:06 -0800


Started GET "/assets/users.js?body=1" for 127.0.0.1 at 2014-01-14 21:24:06 -0800


Started GET "/users" for 127.0.0.1 at 2014-01-14 21:24:09 -0800
Processing by UsersController#index as HTML
  [1m[36mUser Load (0.2ms)[0m  [1mSELECT "users".* FROM "users"[0m
  Rendered users/index.html.erb within layouts/application (29.3ms)
Completed 200 OK in 36ms (Views: 34.7ms | ActiveRecord: 0.2ms)


Started GET "/users" for 127.0.0.1 at 2014-01-14 21:26:10 -0800
  [1m[35mActiveRecord::SchemaMigration Load (0.1ms)[0m  SELECT "schema_migrations".* FROM "schema_migrations"
Processing by UsersController#index as HTML
  [1m[36mUser Load (0.3ms)[0m  [1mSELECT "users".* FROM "users"[0m
  Rendered users/index.html.erb within layouts/application (2.2ms)
Completed 200 OK in 9ms (Views: 7.5ms | ActiveRecord: 0.3ms)


Started GET "/assets/application.css?body=1" for 127.0.0.1 at 2014-01-14 21:26:10 -0800


Started GET "/assets/scaffolds.css?body=1" for 127.0.0.1 at 2014-01-14 21:26:10 -0800


Started GET "/assets/jquery.js?body=1" for 127.0.0.1 at 2014-01-14 21:26:10 -0800


Started GET "/assets/users.css?body=1" for 127.0.0.1 at 2014-01-14 21:26:10 -0800


Started GET "/assets/jquery_ujs.js?body=1" for 127.0.0.1 at 2014-01-14 21:26:10 -0800


Started GET "/assets/application.js?body=1" for 127.0.0.1 at 2014-01-14 21:26:10 -0800


Started GET "/assets/turbolinks.js?body=1" for 127.0.0.1 at 2014-01-14 21:26:10 -0800


Started GET "/assets/users.js?body=1" for 127.0.0.1 at 2014-01-14 21:26:10 -0800


Started GET "/users" for 127.0.0.1 at 2014-01-14 21:26:12 -0800
Processing by UsersController#index as HTML
  [1m[35mUser Load (0.2ms)[0m  SELECT "users".* FROM "users"
  Rendered users/index.html.erb within layouts/application (1.5ms)
Completed 200 OK in 7ms (Views: 6.5ms | ActiveRecord: 0.2ms)


Started GET "/assets/application.css?body=1" for 127.0.0.1 at 2014-01-14 21:26:12 -0800


Started GET "/assets/users.css?body=1" for 127.0.0.1 at 2014-01-14 21:26:12 -0800


Started GET "/assets/scaffolds.css?body=1" for 127.0.0.1 at 2014-01-14 21:26:12 -0800


Started GET "/assets/users.js?body=1" for 127.0.0.1 at 2014-01-14 21:26:12 -0800


Started GET "/assets/jquery.js?body=1" for 127.0.0.1 at 2014-01-14 21:26:12 -0800


Started GET "/assets/turbolinks.js?body=1" for 127.0.0.1 at 2014-01-14 21:26:12 -0800


Started GET "/assets/jquery_ujs.js?body=1" for 127.0.0.1 at 2014-01-14 21:26:12 -0800


Started GET "/assets/application.js?body=1" for 127.0.0.1 at 2014-01-14 21:26:12 -0800
  [1m[36mActiveRecord::SchemaMigration Load (0.2ms)[0m  [1mSELECT "schema_migrations".* FROM "schema_migrations"[0m
  [1m[35mActiveRecord::SchemaMigration Load (0.1ms)[0m  SELECT "schema_migrations".* FROM "schema_migrations"
  [1m[36mActiveRecord::SchemaMigration Load (0.1ms)[0m  [1mSELECT "schema_migrations".* FROM "schema_migrations"[0m
Migrating to ChangePointsAndBadgesStringToIntegers (20140115052853)
  [1m[35m (0.1ms)[0m  begin transaction
  [1m[36m (1.3ms)[0m  [1mCREATE TEMPORARY TABLE "ausers" ("id" INTEGER PRIMARY KEY AUTOINCREMENT NOT NULL, "full_name" varchar(255), "username_link_to_profile_page" varchar(255), "profile_pic_link" varchar(255), "num_points" varchar(255), "num_badges" varchar(255), "created_at" datetime, "updated_at" datetime) [0m
  [1m[35m (0.1ms)[0m  SELECT * FROM "users"
  [1m[36m (0.1ms)[0m  [1mINSERT INTO "ausers" ("id","full_name","username_link_to_profile_page","profile_pic_link","num_points","num_badges","created_at","updated_at") VALUES (1, 'Chase James', 'http://teamtreehouse.com/chasejames', '', '14341', '193', '2014-01-15 05:24:06.878836', '2014-01-15 05:24:06.878836')[0m
  [1m[35m (0.4ms)[0m  DROP TABLE "users"
  [1m[36m (0.2ms)[0m  [1mCREATE TABLE "users" ("id" INTEGER PRIMARY KEY AUTOINCREMENT NOT NULL, "full_name" varchar(255), "username_link_to_profile_page" varchar(255), "profile_pic_link" varchar(255), "num_points" integer(255), "num_badges" varchar(255), "created_at" datetime, "updated_at" datetime) [0m
  [1m[35m (0.1ms)[0m  SELECT * FROM "ausers"
  [1m[36m (0.1ms)[0m  [1mINSERT INTO "users" ("id","full_name","username_link_to_profile_page","profile_pic_link","num_points","num_badges","created_at","updated_at") VALUES (1, 'Chase James', 'http://teamtreehouse.com/chasejames', '', '14341', '193', '2014-01-15 05:24:06.878836', '2014-01-15 05:24:06.878836')[0m
  [1m[35m (0.4ms)[0m  DROP TABLE "ausers"
  [1m[36m (0.2ms)[0m  [1mCREATE TEMPORARY TABLE "ausers" ("id" INTEGER PRIMARY KEY AUTOINCREMENT NOT NULL, "full_name" varchar(255), "username_link_to_profile_page" varchar(255), "profile_pic_link" varchar(255), "num_points" integer(255), "num_badges" varchar(255), "created_at" datetime, "updated_at" datetime) [0m
  [1m[35m (0.1ms)[0m  SELECT * FROM "users"
  [1m[36m (0.1ms)[0m  [1mINSERT INTO "ausers" ("id","full_name","username_link_to_profile_page","profile_pic_link","num_points","num_badges","created_at","updated_at") VALUES (1, 'Chase James', 'http://teamtreehouse.com/chasejames', '', 14341, '193', '2014-01-15 05:24:06.878836', '2014-01-15 05:24:06.878836')[0m
  [1m[35m (0.4ms)[0m  DROP TABLE "users"
  [1m[36m (0.2ms)[0m  [1mCREATE TABLE "users" ("id" INTEGER PRIMARY KEY AUTOINCREMENT NOT NULL, "full_name" varchar(255), "username_link_to_profile_page" varchar(255), "profile_pic_link" varchar(255), "num_points" integer(255), "num_badges" integer(255), "created_at" datetime, "updated_at" datetime) [0m
  [1m[35m (0.1ms)[0m  SELECT * FROM "ausers"
  [1m[36m (0.1ms)[0m  [1mINSERT INTO "users" ("id","full_name","username_link_to_profile_page","profile_pic_link","num_points","num_badges","created_at","updated_at") VALUES (1, 'Chase James', 'http://teamtreehouse.com/chasejames', '', 14341, '193', '2014-01-15 05:24:06.878836', '2014-01-15 05:24:06.878836')[0m
  [1m[35m (0.1ms)[0m  DROP TABLE "ausers"
  [1m[36mSQL (0.3ms)[0m  [1mINSERT INTO "schema_migrations" ("version") VALUES (?)[0m  [["version", "20140115052853"]]
  [1m[35m (3.1ms)[0m  commit transaction
  [1m[36mActiveRecord::SchemaMigration Load (0.3ms)[0m  [1mSELECT "schema_migrations".* FROM "schema_migrations"[0m


Started GET "/users" for 127.0.0.1 at 2014-01-14 21:31:41 -0800
  [1m[36mActiveRecord::SchemaMigration Load (0.2ms)[0m  [1mSELECT "schema_migrations".* FROM "schema_migrations"[0m
Processing by UsersController#index as HTML
  [1m[35mUser Load (0.2ms)[0m  SELECT "users".* FROM "users"
  Rendered users/index.html.erb within layouts/application (13.6ms)
Completed 200 OK in 89ms (Views: 64.7ms | ActiveRecord: 0.7ms)


Started GET "/assets/users.css?body=1" for 127.0.0.1 at 2014-01-14 21:31:41 -0800


Started GET "/assets/application.css?body=1" for 127.0.0.1 at 2014-01-14 21:31:41 -0800


Started GET "/assets/jquery_ujs.js?body=1" for 127.0.0.1 at 2014-01-14 21:31:41 -0800


Started GET "/assets/scaffolds.css?body=1" for 127.0.0.1 at 2014-01-14 21:31:41 -0800


Started GET "/assets/jquery.js?body=1" for 127.0.0.1 at 2014-01-14 21:31:41 -0800


Started GET "/assets/turbolinks.js?body=1" for 127.0.0.1 at 2014-01-14 21:31:41 -0800


Started GET "/assets/application.js?body=1" for 127.0.0.1 at 2014-01-14 21:31:41 -0800


Started GET "/assets/users.js?body=1" for 127.0.0.1 at 2014-01-14 21:31:41 -0800


Started GET "/users/new" for 127.0.0.1 at 2014-01-14 21:31:45 -0800
Processing by UsersController#new as HTML
  Rendered users/_form.html.erb (17.5ms)
  Rendered users/new.html.erb within layouts/application (22.1ms)
Completed 200 OK in 29ms (Views: 27.6ms | ActiveRecord: 0.0ms)


Started POST "/users" for 127.0.0.1 at 2014-01-14 21:31:57 -0800
Processing by UsersController#create as HTML
  Parameters: {"utf8"=>"✓", "authenticity_token"=>"oKIQ/UmbkvLe9GbAH6zI+U10qJKKsgwufQEIQ6be28A=", "user"=>{"full_name"=>"sdfsd", "username_link_to_profile_page"=>"fsdf", "profile_pic_link"=>"sdfds", "num_points"=>"knlknkj", "num_badges"=>"sfsd"}, "commit"=>"Create User"}
  [1m[36m (0.1ms)[0m  [1mbegin transaction[0m
  [1m[35mSQL (4.6ms)[0m  INSERT INTO "users" ("created_at", "full_name", "num_badges", "num_points", "profile_pic_link", "updated_at", "username_link_to_profile_page") VALUES (?, ?, ?, ?, ?, ?, ?)  [["created_at", Wed, 15 Jan 2014 05:31:57 UTC +00:00], ["full_name", "sdfsd"], ["num_badges", 0], ["num_points", 0], ["profile_pic_link", "sdfds"], ["updated_at", Wed, 15 Jan 2014 05:31:57 UTC +00:00], ["username_link_to_profile_page", "fsdf"]]
  [1m[36m (1.2ms)[0m  [1mcommit transaction[0m
Redirected to http://localhost:3000/users/2
Completed 302 Found in 19ms (ActiveRecord: 6.0ms)


Started GET "/users/2" for 127.0.0.1 at 2014-01-14 21:31:57 -0800
Processing by UsersController#show as HTML
  Parameters: {"id"=>"2"}
  [1m[35mUser Load (0.3ms)[0m  SELECT "users".* FROM "users" WHERE "users"."id" = ? LIMIT 1  [["id", "2"]]
  Rendered users/show.html.erb within layouts/application (1.1ms)
Completed 200 OK in 9ms (Views: 6.2ms | ActiveRecord: 0.3ms)


Started GET "/assets/scaffolds.css?body=1" for 127.0.0.1 at 2014-01-14 21:31:57 -0800


Started GET "/assets/users.js?body=1" for 127.0.0.1 at 2014-01-14 21:31:57 -0800


Started GET "/assets/jquery_ujs.js?body=1" for 127.0.0.1 at 2014-01-14 21:31:57 -0800


Started GET "/assets/turbolinks.js?body=1" for 127.0.0.1 at 2014-01-14 21:31:57 -0800


Started GET "/assets/users.css?body=1" for 127.0.0.1 at 2014-01-14 21:31:57 -0800


Started GET "/assets/application.js?body=1" for 127.0.0.1 at 2014-01-14 21:31:57 -0800


Started GET "/assets/application.css?body=1" for 127.0.0.1 at 2014-01-14 21:31:57 -0800


Started GET "/assets/jquery.js?body=1" for 127.0.0.1 at 2014-01-14 21:31:57 -0800


Started GET "/users" for 127.0.0.1 at 2014-01-14 21:32:01 -0800
Processing by UsersController#index as HTML
  [1m[36mUser Load (0.3ms)[0m  [1mSELECT "users".* FROM "users"[0m
  Rendered users/index.html.erb within layouts/application (3.6ms)
Completed 200 OK in 11ms (Views: 10.4ms | ActiveRecord: 0.3ms)


Started DELETE "/users/2" for 127.0.0.1 at 2014-01-14 21:32:04 -0800
Processing by UsersController#destroy as HTML
  Parameters: {"authenticity_token"=>"oKIQ/UmbkvLe9GbAH6zI+U10qJKKsgwufQEIQ6be28A=", "id"=>"2"}
  [1m[35mUser Load (0.2ms)[0m  SELECT "users".* FROM "users" WHERE "users"."id" = ? LIMIT 1  [["id", "2"]]
  [1m[36m (0.1ms)[0m  [1mbegin transaction[0m
  [1m[35mSQL (0.5ms)[0m  DELETE FROM "users" WHERE "users"."id" = ?  [["id", 2]]
  [1m[36m (2.9ms)[0m  [1mcommit transaction[0m
Redirected to http://localhost:3000/users
Completed 302 Found in 8ms (ActiveRecord: 3.7ms)


Started GET "/users" for 127.0.0.1 at 2014-01-14 21:32:04 -0800
Processing by UsersController#index as HTML
  [1m[35mUser Load (0.2ms)[0m  SELECT "users".* FROM "users"
  Rendered users/index.html.erb within layouts/application (2.3ms)
Completed 200 OK in 14ms (Views: 13.2ms | ActiveRecord: 0.2ms)


Started GET "/assets/jquery_ujs.js?body=1" for 127.0.0.1 at 2014-01-14 21:32:04 -0800


Started GET "/assets/scaffolds.css?body=1" for 127.0.0.1 at 2014-01-14 21:32:04 -0800


Started GET "/assets/turbolinks.js?body=1" for 127.0.0.1 at 2014-01-14 21:32:04 -0800


Started GET "/assets/jquery.js?body=1" for 127.0.0.1 at 2014-01-14 21:32:04 -0800


Started GET "/assets/application.css?body=1" for 127.0.0.1 at 2014-01-14 21:32:04 -0800


Started GET "/assets/users.css?body=1" for 127.0.0.1 at 2014-01-14 21:32:04 -0800


Started GET "/assets/application.js?body=1" for 127.0.0.1 at 2014-01-14 21:32:04 -0800


Started GET "/assets/users.js?body=1" for 127.0.0.1 at 2014-01-14 21:32:04 -0800


Started DELETE "/users/1" for 127.0.0.1 at 2014-01-14 21:32:09 -0800
Processing by UsersController#destroy as HTML
  Parameters: {"authenticity_token"=>"oKIQ/UmbkvLe9GbAH6zI+U10qJKKsgwufQEIQ6be28A=", "id"=>"1"}
  [1m[36mUser Load (0.2ms)[0m  [1mSELECT "users".* FROM "users" WHERE "users"."id" = ? LIMIT 1[0m  [["id", "1"]]
  [1m[35m (0.1ms)[0m  begin transaction
  [1m[36mSQL (0.3ms)[0m  [1mDELETE FROM "users" WHERE "users"."id" = ?[0m  [["id", 1]]
  [1m[35m (1.0ms)[0m  commit transaction
Redirected to http://localhost:3000/users
Completed 302 Found in 4ms (ActiveRecord: 1.5ms)


Started GET "/users" for 127.0.0.1 at 2014-01-14 21:32:09 -0800
Processing by UsersController#index as HTML
  [1m[36mUser Load (0.2ms)[0m  [1mSELECT "users".* FROM "users"[0m
  Rendered users/index.html.erb within layouts/application (1.1ms)
Completed 200 OK in 7ms (Views: 6.0ms | ActiveRecord: 0.2ms)


Started GET "/assets/application.css?body=1" for 127.0.0.1 at 2014-01-14 21:32:09 -0800


Started GET "/assets/jquery.js?body=1" for 127.0.0.1 at 2014-01-14 21:32:09 -0800


Started GET "/assets/turbolinks.js?body=1" for 127.0.0.1 at 2014-01-14 21:32:09 -0800


Started GET "/assets/jquery_ujs.js?body=1" for 127.0.0.1 at 2014-01-14 21:32:09 -0800


Started GET "/assets/application.js?body=1" for 127.0.0.1 at 2014-01-14 21:32:09 -0800


Started GET "/assets/scaffolds.css?body=1" for 127.0.0.1 at 2014-01-14 21:32:09 -0800


Started GET "/assets/users.css?body=1" for 127.0.0.1 at 2014-01-14 21:32:09 -0800


Started GET "/assets/users.js?body=1" for 127.0.0.1 at 2014-01-14 21:32:09 -0800
